C51 COMPILER V9.59.0.0   DEBUG                                                             03/02/2020 12:27:56 PAGE 1   


C51 COMPILER V9.59.0.0, COMPILATION OF MODULE DEBUG
OBJECT MODULE PLACED IN .\hex\debug.obj
COMPILER INVOKED BY: C:\Keil_v5\C51\BIN\C51.EXE debug.c LARGE OPTIMIZE(8,SPEED) BROWSE INCDIR(..\Sec_Creator LPR RenewM 
                    -CtrlLuz) DEBUG OBJECTEXTEND TABS(2) OBJECT(.\hex\debug.obj)

line level    source

   1          #include <debug.h> 
   2          #include <reg51.h>
   3          
   4          //ERRORES
   5          #define SELECCION_SECTOR    0
   6          #define COMANDO_WR        1
   7          #define NO_RTA_WR       2
   8          #define COMANDO_RD        3
   9          #define NO_RTA_RD       4
  10          #define FALLA_WR        5
  11          #define NO_CARD         6
  12          
  13          extern unsigned char centena, decena, unidad;
  14          sbit txd2 = P1^0;         //Transmision Aux Datos IP        
  15          extern void          _nop_     (void);
  16          //***************************************************************************************************
  17          void time_bit()
  18          {
  19   1      unsigned char j;
  20   1      
  21   1        for (j=0; j<=7; j++)        //18 para 19200  ...   41 Para 9600  //42 142us //7 a 9600 transmision
  22   1        {
  23   2          _nop_();
  24   2          _nop_();
  25   2          _nop_();
  26   2          _nop_();
  27   2          _nop_();
  28   2          _nop_();
  29   2          _nop_();
  30   2          _nop_();
  31   2          _nop_();
  32   2          
  33   2          _nop_();
  34   2        }
  35   1      }
  36          //***************************************************************************************************/
  37          //***************************************************************************************************
  38          void tx_aux(unsigned char caracter)
  39          {
  40   1        unsigned char j, temporal, bitTX;
  41   1      
  42   1        txd2=0;
  43   1        time_bit();
  44   1          temporal=caracter;
  45   1        bitTX=caracter&0x01;
  46   1        if (bitTX==0x00)
  47   1        {
  48   2          txd2=0;
  49   2        }
  50   1        else
  51   1        {
  52   2            txd2=1;
  53   2        }
  54   1        time_bit();
C51 COMPILER V9.59.0.0   DEBUG                                                             03/02/2020 12:27:56 PAGE 2   

  55   1        for (j=1; j<=7; j++)
  56   1        {
  57   2          temporal>>=1;
  58   2          bitTX=temporal&(0x01);
  59   2          if (bitTX==0x00)
  60   2          {
  61   3            txd2=0;
  62   3          }
  63   2          else
  64   2          {
  65   3              txd2=1;
  66   3          }
  67   2          time_bit();
  68   2        }
  69   1        txd2=1;
  70   1        time_bit();
  71   1        time_bit(); 
  72   1        time_bit();
  73   1      }
  74          //***************************************************************************************************
  75          void tx_auxH(unsigned char caracter)
  76          {
  77   1        unsigned char temporal;
  78   1        
  79   1        temporal=caracter;
  80   1        temporal>>=4;
  81   1        if (temporal<=0x09)
  82   1        {
  83   2          tx_aux(temporal|0x30);
  84   2        }
  85   1        else
  86   1        {
  87   2          tx_aux(temporal+0x37);  
  88   2        }
  89   1      
  90   1        temporal=caracter;  
  91   1        temporal=temporal&0x0f;
  92   1        if (temporal<=0x09)
  93   1        {
  94   2          tx_aux(temporal|0x30);
  95   2        }
  96   1        else
  97   1        {
  98   2          tx_aux(temporal+0x37);  
  99   2        }   
 100   1        tx_aux(' ');
 101   1      }
 102          
 103          /*------------------------------------------------------------------------------
 104          imprime la trama hasta el caracter null
 105          ------------------------------------------------------------------------------*/
 106          void Debug_txt_Tibbo(unsigned char * str)
 107          {
 108   1        unsigned char i;
 109   1        i=0;
 110   1        
 111   1        
 112   1          for (i=0; str[i] != '\0'; i++)
 113   1          {
 114   2              tx_aux(str[i]);
 115   2          }
 116   1          
C51 COMPILER V9.59.0.0   DEBUG                                                             03/02/2020 12:27:56 PAGE 3   

 117   1        
 118   1      }
 119          
 120          void Debug_Dividir_texto()
 121          {
 122   1        Debug_txt_Tibbo((unsigned char *) "/*---------------------------------------*/\r\n");
 123   1      }
 124          
 125          void ErrorWR(unsigned char TipoERR)
 126          {
 127   1        Debug_txt_Tibbo((unsigned char *) "Error: ");
 128   1        
 129   1        if (TipoERR==SELECCION_SECTOR)
 130   1        {
 131   2          Debug_txt_Tibbo((unsigned char *) "SEL. SECTOR\r\n");
 132   2          
 133   2        }
 134   1        else if (TipoERR==COMANDO_WR)
 135   1        {
 136   2          Debug_txt_Tibbo((unsigned char *) "RTA. WR N.\r\n");
 137   2          
 138   2        }
 139   1        else if (TipoERR==COMANDO_RD)
 140   1        {
 141   2          Debug_txt_Tibbo((unsigned char *) "RTA. RD N.\r\n");
 142   2          
 143   2        }
 144   1        else if (TipoERR==NO_RTA_WR)
 145   1        {
 146   2          Debug_txt_Tibbo((unsigned char *) "SIN RTA WR\r\n");
 147   2          
 148   2        }
 149   1        else if (TipoERR==NO_RTA_RD)
 150   1        {
 151   2          Debug_txt_Tibbo((unsigned char *) "SIN RTA RD\r\n");
 152   2          
 153   2        }
 154   1        else if (TipoERR==FALLA_WR)
 155   1        {
 156   2          Debug_txt_Tibbo((unsigned char *) "GRABACION.\r\n");
 157   2          
 158   2        }
 159   1        else if (TipoERR==NO_CARD)
 160   1        {
 161   2          Debug_txt_Tibbo((unsigned char *) "TARJETA RETIRADA\r\n");
 162   2          
 163   2        }
 164   1        
 165   1      }
 166          void DebugBufferMF(unsigned char *str,unsigned char num_char)
 167          {
 168   1        unsigned char j;
 169   1       
 170   1        
 171   1        
 172   1          for (j=0; j<num_char; j++)
 173   1          {
 174   2          tx_auxH(*str);
 175   2          str++;
 176   2          }
 177   1          tx_aux('\r');
 178   1          tx_aux('\n');
C51 COMPILER V9.59.0.0   DEBUG                                                             03/02/2020 12:27:56 PAGE 4   

 179   1        
 180   1      
 181   1      }
 182          


MODULE INFORMATION:   STATIC OVERLAYABLE
   CODE SIZE        =    416    ----
   CONSTANT SIZE    =    152    ----
   XDATA SIZE       =   ----      10
   PDATA SIZE       =   ----    ----
   DATA SIZE        =   ----    ----
   IDATA SIZE       =   ----    ----
   BIT SIZE         =   ----    ----
END OF MODULE INFORMATION.


C51 COMPILATION COMPLETE.  0 WARNING(S),  0 ERROR(S)
